<?xml version="1.0" encoding="UTF-8"?>
<testsuite xmlns:xsi="http://www.w3.org/2001/XMLSchema-instance" xsi:noNamespaceSchemaLocation="https://maven.apache.org/surefire/maven-surefire-plugin/xsd/surefire-test-report-3.0.xsd" version="3.0" name="TaskManagerTest" time="0.221" tests="5" errors="0" skipped="0" failures="0">
  <properties>
[...]
</properties>
  <testcase name="testAddTask" classname="TaskManagerTest" time="0.121"/>
  <testcase name="testListTasks" classname="TaskManagerTest" time="0.004">
    <system-out><![CDATA[Task added.
Task added.
]]></system-out>
  </testcase>
  <testcase name="testRemoveTaskIdInvalido" classname="TaskManagerTest" time="0.011">
    <system-out><![CDATA[Task added.
]]></system-out>
  </testcase>
  <testcase name="testRemoveTask" classname="TaskManagerTest" time="0.002">
    <system-out><![CDATA[Task added.
Task added.
]]></system-out>
  </testcase>
  <testcase name="testRemoveTaskYListTasks" classname="TaskManagerTest" time="0.007">
    <system-out><![CDATA[Task added.
Task added.
]]></system-out>
  </testcase>
</testsuite>